Using pre-set license
Built from '2020.3/staging' branch; Version is '2020.3.14f1 (d0d1bb862f9d) revision 13685179'; Using compiler version '192528614'; Build Type 'Release'
OS: 'Windows 10 Pro; OS build 19042.1415; Version 2009; 64bit' Language: 'en' Physical Memory: 7831 MB
BatchMode: 1, IsHumanControllingUs: 0, StartBugReporterOnCrash: 0, Is64bit: 1, IsPro: 0

 COMMAND LINE ARGUMENTS:
C:\Program Files\Unity\Hub\Editor\2020.3.14f1\Editor\Unity.exe
-adb2
-batchMode
-noUpm
-name
AssetImportWorker0
-projectPath
G:/UNITY FILES/Helix Jump
-logFile
Logs/AssetImportWorker0.log
-srvPort
50463
Successfully changed project path to: G:/UNITY FILES/Helix Jump
G:/UNITY FILES/Helix Jump
Using Asset Import Pipeline V2.
Refreshing native plugins compatible for Editor in 385.84 ms, found 2 plugins.
Preloading 0 native plugins for Editor in 0.00 ms.
Initialize engine version: 2020.3.14f1 (d0d1bb862f9d)
[Subsystems] Discovering subsystems at path C:/Program Files/Unity/Hub/Editor/2020.3.14f1/Editor/Data/Resources/UnitySubsystems
[Subsystems] Discovering subsystems at path G:/UNITY FILES/Helix Jump/Assets
GfxDevice: creating device client; threaded=0
Direct3D:
    Version:  Direct3D 11.0 [level 11.1]
    Renderer: Intel(R) Iris(R) Graphics 540 (ID=0x1926)
    Vendor:   
    VRAM:     3915 MB
    Driver:   27.20.100.9316
Initialize mono
Mono path[0] = 'C:/Program Files/Unity/Hub/Editor/2020.3.14f1/Editor/Data/Managed'
Mono path[1] = 'C:/Program Files/Unity/Hub/Editor/2020.3.14f1/Editor/Data/MonoBleedingEdge/lib/mono/unityjit'
Mono config path = 'C:/Program Files/Unity/Hub/Editor/2020.3.14f1/Editor/Data/MonoBleedingEdge/etc'
Using monoOptions --debugger-agent=transport=dt_socket,embedding=1,server=y,suspend=n,address=127.0.0.1:56996
Begin MonoManager ReloadAssembly
Registering precompiled unity dll's ...
Register platform support module: C:/Program Files/Unity/Hub/Editor/2020.3.14f1/Editor/Data/PlaybackEngines/WebGLSupport/UnityEditor.WebGL.Extensions.dll
Register platform support module: C:/Program Files/Unity/Hub/Editor/2020.3.14f1/Editor/Data/PlaybackEngines/WindowsStandaloneSupport/UnityEditor.WindowsStandalone.Extensions.dll
Registered in 0.007183 seconds.
Native extension for WindowsStandalone target not found
Native extension for WebGL target not found
Refreshing native plugins compatible for Editor in 128.05 ms, found 2 plugins.
Preloading 0 native plugins for Editor in 0.00 ms.
Mono: successfully reloaded assembly
- Completed reload, in  6.749 seconds
Domain Reload Profiling:
	ReloadAssembly (6750ms)
		BeginReloadAssembly (164ms)
			ExecutionOrderSort (0ms)
			DisableScriptedObjects (0ms)
			BackupInstance (0ms)
			ReleaseScriptingObjects (0ms)
			CreateAndSetChildDomain (2ms)
		EndReloadAssembly (1327ms)
			LoadAssemblies (154ms)
			RebuildTransferFunctionScriptingTraits (0ms)
			SetupTypeCache (500ms)
			ReleaseScriptCaches (0ms)
			RebuildScriptCaches (95ms)
			SetupLoadedEditorAssemblies (499ms)
				LogAssemblyErrors (0ms)
				InitializePlatformSupportModulesInManaged (13ms)
				SetLoadedEditorAssemblies (0ms)
				RefreshPlugins (128ms)
				BeforeProcessingInitializeOnLoad (43ms)
				ProcessInitializeOnLoadAttributes (236ms)
				ProcessInitializeOnLoadMethodAttributes (77ms)
				AfterProcessingInitializeOnLoad (0ms)
				EditorAssembliesLoaded (1ms)
			ExecutionOrderSort2 (0ms)
			AwakeInstancesAfterBackupRestoration (0ms)
Platform modules already initialized, skipping
Registering precompiled user dll's ...
Registered in 0.010530 seconds.
Begin MonoManager ReloadAssembly
Native extension for WindowsStandalone target not found
Native extension for WebGL target not found
Refreshing native plugins compatible for Editor in 131.24 ms, found 2 plugins.
Preloading 0 native plugins for Editor in 0.00 ms.
Mono: successfully reloaded assembly
- Completed reload, in  3.477 seconds
Domain Reload Profiling:
	ReloadAssembly (3479ms)
		BeginReloadAssembly (470ms)
			ExecutionOrderSort (0ms)
			DisableScriptedObjects (19ms)
			BackupInstance (0ms)
			ReleaseScriptingObjects (0ms)
			CreateAndSetChildDomain (44ms)
		EndReloadAssembly (2830ms)
			LoadAssemblies (310ms)
			RebuildTransferFunctionScriptingTraits (0ms)
			SetupTypeCache (1062ms)
			ReleaseScriptCaches (1ms)
			RebuildScriptCaches (147ms)
			SetupLoadedEditorAssemblies (944ms)
				LogAssemblyErrors (0ms)
				InitializePlatformSupportModulesInManaged (12ms)
				SetLoadedEditorAssemblies (0ms)
				RefreshPlugins (131ms)
				BeforeProcessingInitializeOnLoad (227ms)
				ProcessInitializeOnLoadAttributes (533ms)
				ProcessInitializeOnLoadMethodAttributes (12ms)
				AfterProcessingInitializeOnLoad (27ms)
				EditorAssembliesLoaded (1ms)
			ExecutionOrderSort2 (0ms)
			AwakeInstancesAfterBackupRestoration (16ms)
Platform modules already initialized, skipping
========================================================================
Worker process is ready to serve import requests
Shader 'Universal Render Pipeline/Particles/Lit': fallback shader 'Universal Render Pipeline/Particles/SimpleLit' not found
Shader 'Universal Render Pipeline/Particles/Lit': fallback shader 'Universal Render Pipeline/Particles/SimpleLit' not found
Launched and connected shader compiler UnityShaderCompiler.exe after 0.12 seconds
Refreshing native plugins compatible for Editor in 1.13 ms, found 2 plugins.
Preloading 0 native plugins for Editor in 0.00 ms.
Unloading 2700 Unused Serialized files (Serialized files now loaded: 0)
System memory in use before: 120.9 MB.
System memory in use after: 118.1 MB.

Unloading 55 unused Assets to reduce memory usage. Loaded Objects now: 3094.
Total: 6.474900 ms (FindLiveObjects: 0.454600 ms CreateObjectMapping: 0.234100 ms MarkObjects: 3.861400 ms  DeleteObjects: 1.922200 ms)

AssetImportParameters requested are different than current active one (requested -> active):
  custom:framework-win-MediaFoundation: 216162199b28c13a410421893ffa2e32 -> 
  custom:video-decoder-ogg-theora: a1e56fd34408186e4bbccfd4996cb3dc -> 
  custom:container-muxer-webm: aa71ff27fc2769a1b78a27578f13a17b -> 
  custom:container-demuxer-webm: 4f35f7cbe854078d1ac9338744f61a02 -> 
  custom:container-demuxer-ogg: 62fdf1f143b41e24485cea50d1cbac27 -> 
  custom:video-encoder-webm-vp8: eb34c28f22e8b96e1ab97ce403110664 -> 
  custom:video-decoder-webm-vp8: 9c59270c3fd7afecdb556c50c9e8de78 -> 
  custom:audio-decoder-ogg-vorbis: bf7c407c2cedff20999df2af8eb42d56 -> 
  custom:audio-encoder-webm-vorbis: bf7c407c2cedff20999df2af8eb42d56 -> 
========================================================================
Received Import Request.
  path: Assets/Settings/UniversalRP-HighQuality.asset
  artifactKey: Guid(19ba41d7c0026c3459d37c2fe90c55a0) Importer(815301076,1909f56bfc062723c751e8b465ee728b)
Start importing Assets/Settings/UniversalRP-HighQuality.asset using Guid(19ba41d7c0026c3459d37c2fe90c55a0) Importer(815301076,1909f56bfc062723c751e8b465ee728b)  -> (artifact id: '02e18c1f933b70f494440bf5e7626866') in 0.148081 seconds 
  Import took 0.158930 seconds .

========================================================================
Received Import Request.
  Time since last request: 0.029465 seconds.
  path: Assets/Materials/Default Player.mat
  artifactKey: Guid(086fe5a58b7747e4dbe1262f04ab27ec) Importer(815301076,1909f56bfc062723c751e8b465ee728b)
Start importing Assets/Materials/Default Player.mat using Guid(086fe5a58b7747e4dbe1262f04ab27ec) Importer(815301076,1909f56bfc062723c751e8b465ee728b)  -> (artifact id: '1a81257aad901296f34402cb477e5515') in 0.724484 seconds 
  Import took 0.736857 seconds .

========================================================================
Received Import Request.
  Time since last request: 0.033028 seconds.
  path: Assets/Scripts/Rotator.cs
  artifactKey: Guid(ce7a2507245fb05458ed25c92d905959) Importer(815301076,1909f56bfc062723c751e8b465ee728b)
Start importing Assets/Scripts/Rotator.cs using Guid(ce7a2507245fb05458ed25c92d905959) Importer(815301076,1909f56bfc062723c751e8b465ee728b)  -> (artifact id: 'ef5c1f044ad1e5f5a92601aedf383ed9') in 0.038233 seconds 
  Import took 0.053919 seconds .

========================================================================
Received Import Request.
  Time since last request: 0.015488 seconds.
  path: Assets/Settings
  artifactKey: Guid(0735c275001a2c84dafdb30deced5d8d) Importer(815301076,1909f56bfc062723c751e8b465ee728b)
Start importing Assets/Settings using Guid(0735c275001a2c84dafdb30deced5d8d) Importer(815301076,1909f56bfc062723c751e8b465ee728b)  -> (artifact id: 'cadd7ca10b5bf32e886eec457cf073a7') in 0.016312 seconds 
  Import took 0.042114 seconds .

========================================================================
Received Import Request.
  Time since last request: 0.057341 seconds.
  path: Assets/Settings/UniversalRP-MediumQuality.asset
  artifactKey: Guid(d847b876476d3d6468f5dfcd34266f96) Importer(815301076,1909f56bfc062723c751e8b465ee728b)
Start importing Assets/Settings/UniversalRP-MediumQuality.asset using Guid(d847b876476d3d6468f5dfcd34266f96) Importer(815301076,1909f56bfc062723c751e8b465ee728b)  -> (artifact id: 'd421f548a6507a11f25ec3578746e9c1') in 0.008957 seconds 
  Import took 0.016805 seconds .

========================================================================
Received Import Request.
  Time since last request: 0.041975 seconds.
  path: Assets/Prefabs/Ring001.prefab
  artifactKey: Guid(1ec235b81f183434bab8088c34fa9a33) Importer(815301076,1909f56bfc062723c751e8b465ee728b)
Start importing Assets/Prefabs/Ring001.prefab using Guid(1ec235b81f183434bab8088c34fa9a33) Importer(815301076,1909f56bfc062723c751e8b465ee728b)  -> (artifact id: '08da37d3710b82db0c5954167dc73f22') in 0.151600 seconds 
  Import took 0.184821 seconds .

========================================================================
Received Import Request.
  Time since last request: 0.043266 seconds.
  path: Assets/Materials/LastRing.mat
  artifactKey: Guid(9f8909af4ec8c0041a8110cfe2b63965) Importer(815301076,1909f56bfc062723c751e8b465ee728b)
Start importing Assets/Materials/LastRing.mat using Guid(9f8909af4ec8c0041a8110cfe2b63965) Importer(815301076,1909f56bfc062723c751e8b465ee728b)  -> (artifact id: 'cc1f6c83a20e5f2e744d0a0dd0da26ab') in 0.065594 seconds 
  Import took 0.087561 seconds .

========================================================================
Received Import Request.
  Time since last request: 0.119779 seconds.
  path: Assets/Materials/Safe.mat
  artifactKey: Guid(1c68450d7b992224c92beaaf4379e91a) Importer(815301076,1909f56bfc062723c751e8b465ee728b)
Start importing Assets/Materials/Safe.mat using Guid(1c68450d7b992224c92beaaf4379e91a) Importer(815301076,1909f56bfc062723c751e8b465ee728b)  -> (artifact id: '89abe5e496335e65000510ecfa57c242') in 0.072243 seconds 
  Import took 0.089610 seconds .

========================================================================
Received Import Request.
  Time since last request: 0.038349 seconds.
  path: Assets/Prefabs/Ring003.prefab
  artifactKey: Guid(ed9aae50a962583439b73eccc0511bae) Importer(815301076,1909f56bfc062723c751e8b465ee728b)
Start importing Assets/Prefabs/Ring003.prefab using Guid(ed9aae50a962583439b73eccc0511bae) Importer(815301076,1909f56bfc062723c751e8b465ee728b)  -> (artifact id: '07d7ea683daaa0cb597a8970f8fbb265') in 0.069915 seconds 
  Import took 0.084506 seconds .

========================================================================
Received Import Request.
  Time since last request: 0.044334 seconds.
  path: Assets/Scripts/PlayerMovement.cs
  artifactKey: Guid(de93515066cb2d04ebacd0f73d3b5d77) Importer(815301076,1909f56bfc062723c751e8b465ee728b)
Start importing Assets/Scripts/PlayerMovement.cs using Guid(de93515066cb2d04ebacd0f73d3b5d77) Importer(815301076,1909f56bfc062723c751e8b465ee728b)  -> (artifact id: 'f9bab67455b90bffb2015855ebe50412') in 0.015865 seconds 
  Import took 0.030179 seconds .

========================================================================
Received Import Request.
  Time since last request: 0.020866 seconds.
  path: Assets/Scenes/Level
  artifactKey: Guid(148ac276b0975704cbef5907774f8c8f) Importer(815301076,1909f56bfc062723c751e8b465ee728b)
Start importing Assets/Scenes/Level using Guid(148ac276b0975704cbef5907774f8c8f) Importer(815301076,1909f56bfc062723c751e8b465ee728b)  -> (artifact id: '45bd5818541bfdc236c11a4c3a6aada1') in 0.019375 seconds 
  Import took 0.030981 seconds .

========================================================================
Received Import Request.
  Time since last request: 0.058305 seconds.
  path: Assets/Scenes/Level.unity
  artifactKey: Guid(86f17bdb6188f8a48b99d031e35cac23) Importer(815301076,1909f56bfc062723c751e8b465ee728b)
Start importing Assets/Scenes/Level.unity using Guid(86f17bdb6188f8a48b99d031e35cac23) Importer(815301076,1909f56bfc062723c751e8b465ee728b)  -> (artifact id: '24b3e40245bcc086a86ac6c7857a4984') in 0.018571 seconds 
  Import took 0.031919 seconds .

========================================================================
Received Import Request.
  Time since last request: 0.080767 seconds.
  path: Assets/Settings/ForwardRenderer.asset
  artifactKey: Guid(4a8e21d5c33334b11b34a596161b9360) Importer(815301076,1909f56bfc062723c751e8b465ee728b)
Start importing Assets/Settings/ForwardRenderer.asset using Guid(4a8e21d5c33334b11b34a596161b9360) Importer(815301076,1909f56bfc062723c751e8b465ee728b)  -> (artifact id: '63cf95242464b0f1307a08bc2392aaaa') in 0.019741 seconds 
  Import took 0.046747 seconds .

========================================================================
Received Import Request.
  Time since last request: 0.039533 seconds.
  path: Assets/Materials/Unsafe.mat
  artifactKey: Guid(61c5cfc7eaaf845448ba411f0ea5e6c7) Importer(815301076,1909f56bfc062723c751e8b465ee728b)
Start importing Assets/Materials/Unsafe.mat using Guid(61c5cfc7eaaf845448ba411f0ea5e6c7) Importer(815301076,1909f56bfc062723c751e8b465ee728b)  -> (artifact id: 'c1776883044bfb2507c7277334c64a3e') in 0.059134 seconds 
  Import took 0.075485 seconds .

========================================================================
Received Import Request.
  Time since last request: 0.030912 seconds.
  path: Assets/Settings/SampleSceneProfile.asset
  artifactKey: Guid(10fc4df2da32a41aaa32d77bc913491c) Importer(815301076,1909f56bfc062723c751e8b465ee728b)
Start importing Assets/Settings/SampleSceneProfile.asset using Guid(10fc4df2da32a41aaa32d77bc913491c) Importer(815301076,1909f56bfc062723c751e8b465ee728b)  -> (artifact id: 'd2b3f476ab718b1cf20d183dd9addfe7') in 0.070922 seconds 
  Import took 0.097826 seconds .

========================================================================
Received Import Request.
  Time since last request: 0.152622 seconds.
  path: Assets/Scenes
  artifactKey: Guid(451841a56108ef049aa5442557fade5f) Importer(815301076,1909f56bfc062723c751e8b465ee728b)
Start importing Assets/Scenes using Guid(451841a56108ef049aa5442557fade5f) Importer(815301076,1909f56bfc062723c751e8b465ee728b)  -> (artifact id: '40a75c74775082b7cfadc8a84d2f38ed') in 0.024464 seconds 
  Import took 0.045610 seconds .

========================================================================
Received Import Request.
  Time since last request: 0.033691 seconds.
  path: Assets/Settings/UniversalRP-LowQuality.asset
  artifactKey: Guid(a31e9f9f9c9d4b9429ed0d1234e22103) Importer(815301076,1909f56bfc062723c751e8b465ee728b)
Start importing Assets/Settings/UniversalRP-LowQuality.asset using Guid(a31e9f9f9c9d4b9429ed0d1234e22103) Importer(815301076,1909f56bfc062723c751e8b465ee728b)  -> (artifact id: 'b226a0bb157262eadf686f6bb5b5f1f8') in 0.035164 seconds 
  Import took 0.054386 seconds .

========================================================================
Received Import Request.
  Time since last request: 0.056347 seconds.
  path: Assets/Scenes/Level/PostProcessing Profile.asset
  artifactKey: Guid(4108db6bdf141c3479f05784455819d0) Importer(815301076,1909f56bfc062723c751e8b465ee728b)
Start importing Assets/Scenes/Level/PostProcessing Profile.asset using Guid(4108db6bdf141c3479f05784455819d0) Importer(815301076,1909f56bfc062723c751e8b465ee728b)  -> (artifact id: '012a8e6dbcbda3589d162bd1337d2b03') in 0.036278 seconds 
  Import took 0.060278 seconds .

========================================================================
Received Import Request.
  Time since last request: 0.029247 seconds.
  path: Assets/Prefabs/Ring002.prefab
  artifactKey: Guid(f6a093f3fc5831f40947bae4140f4287) Importer(815301076,1909f56bfc062723c751e8b465ee728b)
Start importing Assets/Prefabs/Ring002.prefab using Guid(f6a093f3fc5831f40947bae4140f4287) Importer(815301076,1909f56bfc062723c751e8b465ee728b)  -> (artifact id: '0583f7f48d4f2062735bde0750ce7d10') in 0.071784 seconds 
  Import took 0.096303 seconds .

========================================================================
Received Import Request.
  Time since last request: 0.126375 seconds.
  path: Assets/Materials/CentralAxis.mat
  artifactKey: Guid(52f1b3cc4e754a44c903b1cb3b1e8363) Importer(815301076,1909f56bfc062723c751e8b465ee728b)
Start importing Assets/Materials/CentralAxis.mat using Guid(52f1b3cc4e754a44c903b1cb3b1e8363) Importer(815301076,1909f56bfc062723c751e8b465ee728b)  -> (artifact id: '9e59ead91635f186f09cca51d596aa60') in 0.059656 seconds 
  Import took 0.076332 seconds .

========================================================================
Received Prepare
Registering precompiled user dll's ...
Registered in 0.018164 seconds.
Begin MonoManager ReloadAssembly
Native extension for WindowsStandalone target not found
Native extension for WebGL target not found
Refreshing native plugins compatible for Editor in 0.86 ms, found 2 plugins.
Preloading 0 native plugins for Editor in 0.00 ms.
Mono: successfully reloaded assembly
- Completed reload, in  3.746 seconds
Domain Reload Profiling:
	ReloadAssembly (3747ms)
		BeginReloadAssembly (330ms)
			ExecutionOrderSort (0ms)
			DisableScriptedObjects (18ms)
			BackupInstance (0ms)
			ReleaseScriptingObjects (0ms)
			CreateAndSetChildDomain (96ms)
		EndReloadAssembly (3260ms)
			LoadAssemblies (241ms)
			RebuildTransferFunctionScriptingTraits (0ms)
			SetupTypeCache (1006ms)
			ReleaseScriptCaches (4ms)
			RebuildScriptCaches (163ms)
			SetupLoadedEditorAssemblies (1388ms)
				LogAssemblyErrors (0ms)
				InitializePlatformSupportModulesInManaged (13ms)
				SetLoadedEditorAssemblies (1ms)
				RefreshPlugins (1ms)
				BeforeProcessingInitializeOnLoad (520ms)
				ProcessInitializeOnLoadAttributes (818ms)
				ProcessInitializeOnLoadMethodAttributes (11ms)
				AfterProcessingInitializeOnLoad (23ms)
				EditorAssembliesLoaded (1ms)
			ExecutionOrderSort2 (0ms)
			AwakeInstancesAfterBackupRestoration (46ms)
Platform modules already initialized, skipping
Switching build target platform(19) subTarget(0) extendedPlatform(0) -> platform(13) subTarget(537395200) extendedPlatform(0)
Shader 'Universal Render Pipeline/Particles/Lit': fallback shader 'Universal Render Pipeline/Particles/SimpleLit' not found
Shader 'Universal Render Pipeline/Particles/Lit': fallback shader 'Universal Render Pipeline/Particles/SimpleLit' not found
Refreshing native plugins compatible for Editor in 0.53 ms, found 2 plugins.
Preloading 0 native plugins for Editor in 0.00 ms.
Unloading 2632 Unused Serialized files (Serialized files now loaded: 0)
System memory in use before: 122.7 MB.
System memory in use after: 119.9 MB.

Unloading 50 unused Assets to reduce memory usage. Loaded Objects now: 3177.
Total: 6.779400 ms (FindLiveObjects: 0.405900 ms CreateObjectMapping: 0.222100 ms MarkObjects: 3.941900 ms  DeleteObjects: 2.207600 ms)

AssetImportParameters requested are different than current active one (requested -> active):
  custom:framework-win-MediaFoundation: 216162199b28c13a410421893ffa2e32 -> 
  custom:video-decoder-ogg-theora: a1e56fd34408186e4bbccfd4996cb3dc -> 
  custom:container-muxer-webm: aa71ff27fc2769a1b78a27578f13a17b -> 
  custom:container-demuxer-webm: 4f35f7cbe854078d1ac9338744f61a02 -> 
  custom:container-demuxer-ogg: 62fdf1f143b41e24485cea50d1cbac27 -> 
  custom:video-encoder-webm-vp8: eb34c28f22e8b96e1ab97ce403110664 -> 
  custom:video-decoder-webm-vp8: 9c59270c3fd7afecdb556c50c9e8de78 -> 
  custom:graphics/normal-map-encoding: 01000000000000000000000000000000 -> 02000000000000000000000000000000
  custom:audio-decoder-ogg-vorbis: bf7c407c2cedff20999df2af8eb42d56 -> 
  custom:audio-encoder-webm-vorbis: bf7c407c2cedff20999df2af8eb42d56 -> 
AssetImportWorkerClient::OnTransportError - code=2 error=End of file
